{
  "RSpec": {
    "coverage": {
      "/Users/James/Projects/gbooks/GBooks-Reading-List/spec/features/bad_input_does_not_crash_app_spec.rb": [
        null,
        null,
        1,
        null,
        1,
        1,
        1,
        1,
        1,
        null,
        null
      ],
      "/Users/James/Projects/gbooks/GBooks-Reading-List/lib/glist.rb": [
        null,
        null,
        1,
        1,
        1,
        1,
        null,
        null,
        1,
        1,
        1,
        1,
        null,
        1,
        null,
        null,
        1,
        4,
        null,
        null,
        1,
        4,
        4,
        4,
        4,
        null,
        null,
        1,
        1,
        4,
        4,
        4,
        4,
        null,
        null,
        null,
        1,
        4,
        null,
        0,
        null,
        0,
        null,
        1,
        1,
        null,
        null,
        null,
        1,
        0,
        0,
        0,
        null,
        null,
        1,
        0,
        0,
        0,
        0,
        0,
        0,
        null,
        null,
        null,
        1,
        0,
        0,
        0,
        null,
        null,
        null,
        1,
        0,
        0,
        0,
        null,
        null,
        null,
        1,
        0,
        0,
        0,
        0,
        0,
        null,
        0,
        null,
        null,
        null,
        1,
        0,
        0,
        0,
        0,
        0,
        0,
        0,
        null,
        0,
        null,
        0,
        null,
        null,
        null,
        1,
        0,
        0,
        0,
        null,
        null,
        null
      ],
      "/Users/James/Projects/gbooks/GBooks-Reading-List/spec/features/book_can_be_saved_to_reading_list_spec.rb": [
        null,
        null,
        1,
        null,
        1,
        1,
        null,
        1,
        null,
        null
      ],
      "/Users/James/Projects/gbooks/GBooks-Reading-List/spec/features/can_view_reading_list_spec.rb": [
        null,
        null,
        1,
        null,
        1,
        1,
        0,
        0,
        0,
        null,
        0,
        0,
        null,
        null
      ],
      "/Users/James/Projects/gbooks/GBooks-Reading-List/spec/features/displays_5_books_matching_a_query_spec.rb": [
        null,
        null,
        1,
        null,
        1,
        1,
        0,
        0,
        0,
        0,
        null,
        null
      ],
      "/Users/James/Projects/gbooks/GBooks-Reading-List/spec/features/displays_information_about_each_book_spec.rb": [
        null,
        null,
        1,
        null,
        1,
        1,
        0,
        0,
        0,
        null,
        null
      ],
      "/Users/James/Projects/gbooks/GBooks-Reading-List/spec/features/runs_without_error_spec.rb": [
        null,
        null,
        1,
        null,
        1,
        1,
        0,
        0,
        0,
        0,
        null,
        null
      ],
      "/Users/James/Projects/gbooks/GBooks-Reading-List/spec/glist_spec.rb": [
        null,
        null,
        1,
        null,
        1,
        1,
        0,
        0,
        null,
        null,
        1,
        0,
        0,
        0,
        null,
        null
      ]
    },
    "timestamp": 1572968207
  }
}
